*** Starting uWSGI 2.0.19.1-debian (64bit) on [Fri Apr 21 08:01:23 2023] ***
compiled with version: 10.2.1 20210110 on 11 June 2021 09:08:33
os: Linux-5.15.49-linuxkit #1 SMP PREEMPT Tue Sep 13 07:51:32 UTC 2022
nodename: fa3725e7ed71
machine: aarch64
clock source: unix
pcre jit disabled
detected number of CPU cores: 4
current working directory: /srv/docker-server
detected binary path: /usr/bin/uwsgi-core
uWSGI running as root, you can use --uid/--gid/--chroot options
*** WARNING: you are running uWSGI as root !!! (use the --uid flag) *** 
chdir() to /srv/docker-server
your memory page size is 4096 bytes
detected max file descriptor number: 1048576
lock engine: pthread robust mutexes
thunder lock: disabled (you can enable it with --thunder-lock)
uwsgi socket 0 bound to UNIX address /srv/docker-server/apps.sock fd 3
uWSGI running as root, you can use --uid/--gid/--chroot options
*** WARNING: you are running uWSGI as root !!! (use the --uid flag) *** 
uWSGI running as root, you can use --uid/--gid/--chroot options
*** WARNING: you are running uWSGI as root !!! (use the --uid flag) *** 
your server socket listen backlog is limited to 100 connections
your mercy for graceful operations on workers is 60 seconds
mapped 166816 bytes (162 KB) for 2 cores
*** Operational MODE: threaded ***
*** no app loaded. going in full dynamic mode ***
uWSGI running as root, you can use --uid/--gid/--chroot options
*** WARNING: you are running uWSGI as root !!! (use the --uid flag) *** 
*** uWSGI is running in multiple interpreter mode ***
!!!!!!!!!!!!!! WARNING !!!!!!!!!!!!!!
no request plugin is loaded, you will not be able to manage requests.
you may need to install the package for your language of choice, or simply load it with --plugin.
!!!!!!!!!!! END OF WARNING !!!!!!!!!!
spawned uWSGI master process (pid: 1)
spawned uWSGI worker 1 (pid: 7, cores: 2)
-- unavailable modifier requested: 0 --
-- unavailable modifier requested: 0 --
-- unavailable modifier requested: 0 --
-- unavailable modifier requested: 0 --
-- unavailable modifier requested: 0 --
-- unavailable modifier requested: 0 --
-- unavailable modifier requested: 0 --
...brutally killing workers...
worker 1 buried after 1 seconds
binary reloading uWSGI...
chdir() to /srv/docker-server
closing all non-uwsgi socket fds > 2 (max_fd = 1048576)...
found fd 3 mapped to socket 0 (/srv/docker-server/apps.sock)
running /usr/bin/uwsgi-core
[uWSGI] getting INI configuration from uwsgi.ini
*** Starting uWSGI 2.0.19.1-debian (64bit) on [Fri Apr 21 08:21:09 2023] ***
compiled with version: 10.2.1 20210110 on 11 June 2021 09:08:33
os: Linux-5.15.49-linuxkit #1 SMP PREEMPT Tue Sep 13 07:51:32 UTC 2022
nodename: fa3725e7ed71
machine: aarch64
clock source: unix
pcre jit disabled
detected number of CPU cores: 4
current working directory: /srv/docker-server
detected binary path: /usr/bin/uwsgi-core
uWSGI running as root, you can use --uid/--gid/--chroot options
*** WARNING: you are running uWSGI as root !!! (use the --uid flag) *** 
chdir() to /srv/docker-server
your memory page size is 4096 bytes
detected max file descriptor number: 1048576
lock engine: pthread robust mutexes
thunder lock: disabled (you can enable it with --thunder-lock)
uwsgi socket 0 inherited UNIX address /srv/docker-server/apps.sock fd 3
uWSGI running as root, you can use --uid/--gid/--chroot options
*** WARNING: you are running uWSGI as root !!! (use the --uid flag) *** 
uWSGI running as root, you can use --uid/--gid/--chroot options
*** WARNING: you are running uWSGI as root !!! (use the --uid flag) *** 
your server socket listen backlog is limited to 100 connections
your mercy for graceful operations on workers is 60 seconds
mapped 166816 bytes (162 KB) for 2 cores
*** Operational MODE: threaded ***
*** no app loaded. going in full dynamic mode ***
uWSGI running as root, you can use --uid/--gid/--chroot options
*** WARNING: you are running uWSGI as root !!! (use the --uid flag) *** 
*** uWSGI is running in multiple interpreter mode ***
!!!!!!!!!!!!!! WARNING !!!!!!!!!!!!!!
no request plugin is loaded, you will not be able to manage requests.
you may need to install the package for your language of choice, or simply load it with --plugin.
!!!!!!!!!!! END OF WARNING !!!!!!!!!!
gracefully (RE)spawned uWSGI master process (pid: 1)
spawned uWSGI worker 1 (pid: 9, cores: 2)
...brutally killing workers...
worker 1 buried after 1 seconds
binary reloading uWSGI...
chdir() to /srv/docker-server
closing all non-uwsgi socket fds > 2 (max_fd = 1048576)...
found fd 3 mapped to socket 0 (/srv/docker-server/apps.sock)
running /usr/bin/uwsgi-core
[uWSGI] getting INI configuration from uwsgi.ini
*** Starting uWSGI 2.0.19.1-debian (64bit) on [Fri Apr 21 08:21:12 2023] ***
compiled with version: 10.2.1 20210110 on 11 June 2021 09:08:33
os: Linux-5.15.49-linuxkit #1 SMP PREEMPT Tue Sep 13 07:51:32 UTC 2022
nodename: fa3725e7ed71
machine: aarch64
clock source: unix
pcre jit disabled
detected number of CPU cores: 4
current working directory: /srv/docker-server
detected binary path: /usr/bin/uwsgi-core
uWSGI running as root, you can use --uid/--gid/--chroot options
*** WARNING: you are running uWSGI as root !!! (use the --uid flag) *** 
chdir() to /srv/docker-server
your memory page size is 4096 bytes
detected max file descriptor number: 1048576
lock engine: pthread robust mutexes
thunder lock: disabled (you can enable it with --thunder-lock)
uwsgi socket 0 inherited UNIX address /srv/docker-server/apps.sock fd 3
uWSGI running as root, you can use --uid/--gid/--chroot options
*** WARNING: you are running uWSGI as root !!! (use the --uid flag) *** 
uWSGI running as root, you can use --uid/--gid/--chroot options
*** WARNING: you are running uWSGI as root !!! (use the --uid flag) *** 
your server socket listen backlog is limited to 100 connections
your mercy for graceful operations on workers is 60 seconds
mapped 166816 bytes (162 KB) for 2 cores
*** Operational MODE: threaded ***
*** no app loaded. going in full dynamic mode ***
uWSGI running as root, you can use --uid/--gid/--chroot options
*** WARNING: you are running uWSGI as root !!! (use the --uid flag) *** 
*** uWSGI is running in multiple interpreter mode ***
!!!!!!!!!!!!!! WARNING !!!!!!!!!!!!!!
no request plugin is loaded, you will not be able to manage requests.
you may need to install the package for your language of choice, or simply load it with --plugin.
!!!!!!!!!!! END OF WARNING !!!!!!!!!!
gracefully (RE)spawned uWSGI master process (pid: 1)
spawned uWSGI worker 1 (pid: 11, cores: 2)
*** Starting uWSGI 2.0.19.1-debian (64bit) on [Fri Apr 21 08:24:27 2023] ***
compiled with version: 10.2.1 20210110 on 11 June 2021 09:08:33
os: Linux-5.15.49-linuxkit #1 SMP PREEMPT Tue Sep 13 07:51:32 UTC 2022
nodename: 225fe2176df6
machine: aarch64
clock source: unix
pcre jit disabled
detected number of CPU cores: 4
current working directory: /srv/docker-server
detected binary path: /usr/bin/uwsgi-core
uWSGI running as root, you can use --uid/--gid/--chroot options
*** WARNING: you are running uWSGI as root !!! (use the --uid flag) *** 
chdir() to /srv/docker-server
your memory page size is 4096 bytes
detected max file descriptor number: 1048576
lock engine: pthread robust mutexes
thunder lock: disabled (you can enable it with --thunder-lock)
uwsgi socket 0 bound to UNIX address /srv/docker-server/apps.sock fd 3
uWSGI running as root, you can use --uid/--gid/--chroot options
*** WARNING: you are running uWSGI as root !!! (use the --uid flag) *** 
uWSGI running as root, you can use --uid/--gid/--chroot options
*** WARNING: you are running uWSGI as root !!! (use the --uid flag) *** 
your server socket listen backlog is limited to 100 connections
your mercy for graceful operations on workers is 60 seconds
mapped 166816 bytes (162 KB) for 2 cores
*** Operational MODE: threaded ***
*** no app loaded. going in full dynamic mode ***
uWSGI running as root, you can use --uid/--gid/--chroot options
*** WARNING: you are running uWSGI as root !!! (use the --uid flag) *** 
*** uWSGI is running in multiple interpreter mode ***
!!!!!!!!!!!!!! WARNING !!!!!!!!!!!!!!
no request plugin is loaded, you will not be able to manage requests.
you may need to install the package for your language of choice, or simply load it with --plugin.
!!!!!!!!!!! END OF WARNING !!!!!!!!!!
spawned uWSGI master process (pid: 1)
spawned uWSGI worker 1 (pid: 7, cores: 2)
-- unavailable modifier requested: 0 --
-- unavailable modifier requested: 0 --
...brutally killing workers...
worker 1 buried after 1 seconds
binary reloading uWSGI...
chdir() to /srv/docker-server
closing all non-uwsgi socket fds > 2 (max_fd = 1048576)...
found fd 3 mapped to socket 0 (/srv/docker-server/apps.sock)
running /usr/bin/uwsgi-core
[uWSGI] getting INI configuration from uwsgi.ini
*** Starting uWSGI 2.0.19.1-debian (64bit) on [Fri Apr 21 08:33:43 2023] ***
compiled with version: 10.2.1 20210110 on 11 June 2021 09:08:33
os: Linux-5.15.49-linuxkit #1 SMP PREEMPT Tue Sep 13 07:51:32 UTC 2022
nodename: 225fe2176df6
machine: aarch64
clock source: unix
pcre jit disabled
detected number of CPU cores: 4
current working directory: /srv/docker-server
detected binary path: /usr/bin/uwsgi-core
uWSGI running as root, you can use --uid/--gid/--chroot options
*** WARNING: you are running uWSGI as root !!! (use the --uid flag) *** 
chdir() to /srv/docker-server
your memory page size is 4096 bytes
detected max file descriptor number: 1048576
lock engine: pthread robust mutexes
thunder lock: disabled (you can enable it with --thunder-lock)
uwsgi socket 0 inherited UNIX address /srv/docker-server/apps.sock fd 3
uWSGI running as root, you can use --uid/--gid/--chroot options
*** WARNING: you are running uWSGI as root !!! (use the --uid flag) *** 
uWSGI running as root, you can use --uid/--gid/--chroot options
*** WARNING: you are running uWSGI as root !!! (use the --uid flag) *** 
your server socket listen backlog is limited to 100 connections
your mercy for graceful operations on workers is 60 seconds
mapped 166816 bytes (162 KB) for 2 cores
*** Operational MODE: threaded ***
*** no app loaded. going in full dynamic mode ***
uWSGI running as root, you can use --uid/--gid/--chroot options
*** WARNING: you are running uWSGI as root !!! (use the --uid flag) *** 
*** uWSGI is running in multiple interpreter mode ***
!!!!!!!!!!!!!! WARNING !!!!!!!!!!!!!!
no request plugin is loaded, you will not be able to manage requests.
you may need to install the package for your language of choice, or simply load it with --plugin.
!!!!!!!!!!! END OF WARNING !!!!!!!!!!
gracefully (RE)spawned uWSGI master process (pid: 1)
spawned uWSGI worker 1 (pid: 9, cores: 2)
*** Starting uWSGI 2.0.19.1-debian (64bit) on [Fri Apr 21 08:33:52 2023] ***
compiled with version: 10.2.1 20210110 on 11 June 2021 09:08:33
os: Linux-5.15.49-linuxkit #1 SMP PREEMPT Tue Sep 13 07:51:32 UTC 2022
nodename: fbd51b513a2a
machine: aarch64
clock source: unix
pcre jit disabled
detected number of CPU cores: 4
current working directory: /srv/docker-server
detected binary path: /usr/bin/uwsgi-core
uWSGI running as root, you can use --uid/--gid/--chroot options
*** WARNING: you are running uWSGI as root !!! (use the --uid flag) *** 
chdir() to /srv/docker-server
your memory page size is 4096 bytes
detected max file descriptor number: 1048576
lock engine: pthread robust mutexes
thunder lock: disabled (you can enable it with --thunder-lock)
uwsgi socket 0 bound to UNIX address /srv/docker-server/apps.sock fd 3
uWSGI running as root, you can use --uid/--gid/--chroot options
*** WARNING: you are running uWSGI as root !!! (use the --uid flag) *** 
uWSGI running as root, you can use --uid/--gid/--chroot options
*** WARNING: you are running uWSGI as root !!! (use the --uid flag) *** 
your server socket listen backlog is limited to 100 connections
your mercy for graceful operations on workers is 60 seconds
mapped 166816 bytes (162 KB) for 2 cores
*** Operational MODE: threaded ***
*** no app loaded. going in full dynamic mode ***
uWSGI running as root, you can use --uid/--gid/--chroot options
*** WARNING: you are running uWSGI as root !!! (use the --uid flag) *** 
*** uWSGI is running in multiple interpreter mode ***
!!!!!!!!!!!!!! WARNING !!!!!!!!!!!!!!
no request plugin is loaded, you will not be able to manage requests.
you may need to install the package for your language of choice, or simply load it with --plugin.
!!!!!!!!!!! END OF WARNING !!!!!!!!!!
spawned uWSGI master process (pid: 1)
spawned uWSGI worker 1 (pid: 6, cores: 2)
-- unavailable modifier requested: 0 --
-- unavailable modifier requested: 0 --
...brutally killing workers...
worker 1 buried after 1 seconds
binary reloading uWSGI...
chdir() to /srv/docker-server
closing all non-uwsgi socket fds > 2 (max_fd = 1048576)...
found fd 3 mapped to socket 0 (/srv/docker-server/apps.sock)
running /usr/bin/uwsgi-core
[uWSGI] getting INI configuration from uwsgi.ini
*** Starting uWSGI 2.0.19.1-debian (64bit) on [Fri Apr 21 08:44:02 2023] ***
compiled with version: 10.2.1 20210110 on 11 June 2021 09:08:33
os: Linux-5.15.49-linuxkit #1 SMP PREEMPT Tue Sep 13 07:51:32 UTC 2022
nodename: fbd51b513a2a
machine: aarch64
clock source: unix
pcre jit disabled
detected number of CPU cores: 4
current working directory: /srv/docker-server
detected binary path: /usr/bin/uwsgi-core
uWSGI running as root, you can use --uid/--gid/--chroot options
*** WARNING: you are running uWSGI as root !!! (use the --uid flag) *** 
chdir() to /srv/docker-server
your memory page size is 4096 bytes
detected max file descriptor number: 1048576
lock engine: pthread robust mutexes
thunder lock: disabled (you can enable it with --thunder-lock)
uwsgi socket 0 inherited UNIX address /srv/docker-server/apps.sock fd 3
uWSGI running as root, you can use --uid/--gid/--chroot options
*** WARNING: you are running uWSGI as root !!! (use the --uid flag) *** 
uWSGI running as root, you can use --uid/--gid/--chroot options
*** WARNING: you are running uWSGI as root !!! (use the --uid flag) *** 
your server socket listen backlog is limited to 100 connections
your mercy for graceful operations on workers is 60 seconds
mapped 166816 bytes (162 KB) for 2 cores
*** Operational MODE: threaded ***
*** no app loaded. going in full dynamic mode ***
uWSGI running as root, you can use --uid/--gid/--chroot options
*** WARNING: you are running uWSGI as root !!! (use the --uid flag) *** 
*** uWSGI is running in multiple interpreter mode ***
!!!!!!!!!!!!!! WARNING !!!!!!!!!!!!!!
no request plugin is loaded, you will not be able to manage requests.
you may need to install the package for your language of choice, or simply load it with --plugin.
!!!!!!!!!!! END OF WARNING !!!!!!!!!!
gracefully (RE)spawned uWSGI master process (pid: 1)
spawned uWSGI worker 1 (pid: 8, cores: 2)
*** Starting uWSGI 2.0.19.1-debian (64bit) on [Sun Apr 23 03:22:52 2023] ***
compiled with version: 10.2.1 20210110 on 11 June 2021 09:08:33
os: Linux-5.15.49-linuxkit #1 SMP PREEMPT Tue Sep 13 07:51:32 UTC 2022
nodename: bb7835ec1585
machine: aarch64
clock source: unix
pcre jit disabled
detected number of CPU cores: 4
current working directory: /srv/docker-server
detected binary path: /usr/bin/uwsgi-core
uWSGI running as root, you can use --uid/--gid/--chroot options
*** WARNING: you are running uWSGI as root !!! (use the --uid flag) *** 
chdir() to /srv/docker-server
your memory page size is 4096 bytes
detected max file descriptor number: 1048576
lock engine: pthread robust mutexes
thunder lock: disabled (you can enable it with --thunder-lock)
uwsgi socket 0 bound to UNIX address /srv/docker-server/apps.sock fd 3
uWSGI running as root, you can use --uid/--gid/--chroot options
*** WARNING: you are running uWSGI as root !!! (use the --uid flag) *** 
uWSGI running as root, you can use --uid/--gid/--chroot options
*** WARNING: you are running uWSGI as root !!! (use the --uid flag) *** 
your server socket listen backlog is limited to 100 connections
your mercy for graceful operations on workers is 60 seconds
mapped 166816 bytes (162 KB) for 2 cores
*** Operational MODE: threaded ***
*** no app loaded. going in full dynamic mode ***
uWSGI running as root, you can use --uid/--gid/--chroot options
*** WARNING: you are running uWSGI as root !!! (use the --uid flag) *** 
*** uWSGI is running in multiple interpreter mode ***
!!!!!!!!!!!!!! WARNING !!!!!!!!!!!!!!
no request plugin is loaded, you will not be able to manage requests.
you may need to install the package for your language of choice, or simply load it with --plugin.
!!!!!!!!!!! END OF WARNING !!!!!!!!!!
spawned uWSGI master process (pid: 1)
spawned uWSGI worker 1 (pid: 7, cores: 2)
...brutally killing workers...
worker 1 buried after 1 seconds
binary reloading uWSGI...
chdir() to /srv/docker-server
closing all non-uwsgi socket fds > 2 (max_fd = 1048576)...
found fd 3 mapped to socket 0 (/srv/docker-server/apps.sock)
running /usr/bin/uwsgi-core
[uWSGI] getting INI configuration from uwsgi.ini
*** Starting uWSGI 2.0.19.1-debian (64bit) on [Sun Apr 23 05:08:30 2023] ***
compiled with version: 10.2.1 20210110 on 11 June 2021 09:08:33
os: Linux-5.15.49-linuxkit #1 SMP PREEMPT Tue Sep 13 07:51:32 UTC 2022
nodename: bb7835ec1585
machine: aarch64
clock source: unix
pcre jit disabled
detected number of CPU cores: 4
current working directory: /srv/docker-server
detected binary path: /usr/bin/uwsgi-core
uWSGI running as root, you can use --uid/--gid/--chroot options
*** WARNING: you are running uWSGI as root !!! (use the --uid flag) *** 
chdir() to /srv/docker-server
your memory page size is 4096 bytes
detected max file descriptor number: 1048576
lock engine: pthread robust mutexes
thunder lock: disabled (you can enable it with --thunder-lock)
uwsgi socket 0 inherited UNIX address /srv/docker-server/apps.sock fd 3
uWSGI running as root, you can use --uid/--gid/--chroot options
*** WARNING: you are running uWSGI as root !!! (use the --uid flag) *** 
uWSGI running as root, you can use --uid/--gid/--chroot options
*** WARNING: you are running uWSGI as root !!! (use the --uid flag) *** 
your server socket listen backlog is limited to 100 connections
your mercy for graceful operations on workers is 60 seconds
mapped 166816 bytes (162 KB) for 2 cores
*** Operational MODE: threaded ***
*** no app loaded. going in full dynamic mode ***
uWSGI running as root, you can use --uid/--gid/--chroot options
*** WARNING: you are running uWSGI as root !!! (use the --uid flag) *** 
*** uWSGI is running in multiple interpreter mode ***
!!!!!!!!!!!!!! WARNING !!!!!!!!!!!!!!
no request plugin is loaded, you will not be able to manage requests.
you may need to install the package for your language of choice, or simply load it with --plugin.
!!!!!!!!!!! END OF WARNING !!!!!!!!!!
gracefully (RE)spawned uWSGI master process (pid: 1)
spawned uWSGI worker 1 (pid: 9, cores: 2)
...brutally killing workers...
*** Starting uWSGI 2.0.19.1-debian (64bit) on [Sun Apr 23 05:41:14 2023] ***
compiled with version: 10.2.1 20210110 on 11 June 2021 09:08:33
os: Linux-5.15.49-linuxkit #1 SMP PREEMPT Tue Sep 13 07:51:32 UTC 2022
nodename: 210aee4057a7
machine: aarch64
clock source: unix
pcre jit disabled
detected number of CPU cores: 4
current working directory: /srv/docker-server
detected binary path: /usr/bin/uwsgi-core
uWSGI running as root, you can use --uid/--gid/--chroot options
*** WARNING: you are running uWSGI as root !!! (use the --uid flag) *** 
chdir() to /srv/docker-server
your memory page size is 4096 bytes
detected max file descriptor number: 1048576
lock engine: pthread robust mutexes
thunder lock: disabled (you can enable it with --thunder-lock)
uwsgi socket 0 bound to UNIX address /srv/docker-server/apps.sock fd 3
uWSGI running as root, you can use --uid/--gid/--chroot options
*** WARNING: you are running uWSGI as root !!! (use the --uid flag) *** 
uWSGI running as root, you can use --uid/--gid/--chroot options
*** WARNING: you are running uWSGI as root !!! (use the --uid flag) *** 
your server socket listen backlog is limited to 100 connections
your mercy for graceful operations on workers is 60 seconds
mapped 166816 bytes (162 KB) for 2 cores
*** Operational MODE: threaded ***
*** no app loaded. going in full dynamic mode ***
uWSGI running as root, you can use --uid/--gid/--chroot options
*** WARNING: you are running uWSGI as root !!! (use the --uid flag) *** 
*** uWSGI is running in multiple interpreter mode ***
!!!!!!!!!!!!!! WARNING !!!!!!!!!!!!!!
no request plugin is loaded, you will not be able to manage requests.
you may need to install the package for your language of choice, or simply load it with --plugin.
!!!!!!!!!!! END OF WARNING !!!!!!!!!!
spawned uWSGI master process (pid: 1)
spawned uWSGI worker 1 (pid: 7, cores: 2)
-- unavailable modifier requested: 0 --
...brutally killing workers...
worker 1 buried after 1 seconds
binary reloading uWSGI...
chdir() to /srv/docker-server
closing all non-uwsgi socket fds > 2 (max_fd = 1048576)...
found fd 3 mapped to socket 0 (/srv/docker-server/apps.sock)
running /usr/bin/uwsgi-core
[uWSGI] getting INI configuration from uwsgi.ini
*** Starting uWSGI 2.0.19.1-debian (64bit) on [Sun Apr 23 05:47:00 2023] ***
compiled with version: 10.2.1 20210110 on 11 June 2021 09:08:33
os: Linux-5.15.49-linuxkit #1 SMP PREEMPT Tue Sep 13 07:51:32 UTC 2022
nodename: 210aee4057a7
machine: aarch64
clock source: unix
pcre jit disabled
detected number of CPU cores: 4
current working directory: /srv/docker-server
detected binary path: /usr/bin/uwsgi-core
uWSGI running as root, you can use --uid/--gid/--chroot options
*** WARNING: you are running uWSGI as root !!! (use the --uid flag) *** 
chdir() to /srv/docker-server
your memory page size is 4096 bytes
detected max file descriptor number: 1048576
lock engine: pthread robust mutexes
thunder lock: disabled (you can enable it with --thunder-lock)
uwsgi socket 0 inherited UNIX address /srv/docker-server/apps.sock fd 3
uWSGI running as root, you can use --uid/--gid/--chroot options
*** WARNING: you are running uWSGI as root !!! (use the --uid flag) *** 
uWSGI running as root, you can use --uid/--gid/--chroot options
*** WARNING: you are running uWSGI as root !!! (use the --uid flag) *** 
your server socket listen backlog is limited to 100 connections
your mercy for graceful operations on workers is 60 seconds
mapped 166816 bytes (162 KB) for 2 cores
*** Operational MODE: threaded ***
*** no app loaded. going in full dynamic mode ***
uWSGI running as root, you can use --uid/--gid/--chroot options
*** WARNING: you are running uWSGI as root !!! (use the --uid flag) *** 
*** uWSGI is running in multiple interpreter mode ***
!!!!!!!!!!!!!! WARNING !!!!!!!!!!!!!!
no request plugin is loaded, you will not be able to manage requests.
you may need to install the package for your language of choice, or simply load it with --plugin.
!!!!!!!!!!! END OF WARNING !!!!!!!!!!
gracefully (RE)spawned uWSGI master process (pid: 1)
spawned uWSGI worker 1 (pid: 9, cores: 2)
*** Starting uWSGI 2.0.19.1-debian (64bit) on [Sun Apr 23 05:47:10 2023] ***
compiled with version: 10.2.1 20210110 on 11 June 2021 09:08:33
os: Linux-5.15.49-linuxkit #1 SMP PREEMPT Tue Sep 13 07:51:32 UTC 2022
nodename: 50d90311e6c7
machine: aarch64
clock source: unix
pcre jit disabled
detected number of CPU cores: 4
current working directory: /srv/docker-server
detected binary path: /usr/bin/uwsgi-core
uWSGI running as root, you can use --uid/--gid/--chroot options
*** WARNING: you are running uWSGI as root !!! (use the --uid flag) *** 
chdir() to /srv/docker-server
your memory page size is 4096 bytes
detected max file descriptor number: 1048576
lock engine: pthread robust mutexes
thunder lock: disabled (you can enable it with --thunder-lock)
uwsgi socket 0 bound to UNIX address /srv/docker-server/apps.sock fd 3
uWSGI running as root, you can use --uid/--gid/--chroot options
*** WARNING: you are running uWSGI as root !!! (use the --uid flag) *** 
uWSGI running as root, you can use --uid/--gid/--chroot options
*** WARNING: you are running uWSGI as root !!! (use the --uid flag) *** 
your server socket listen backlog is limited to 100 connections
your mercy for graceful operations on workers is 60 seconds
mapped 166816 bytes (162 KB) for 2 cores
*** Operational MODE: threaded ***
*** no app loaded. going in full dynamic mode ***
uWSGI running as root, you can use --uid/--gid/--chroot options
*** WARNING: you are running uWSGI as root !!! (use the --uid flag) *** 
*** uWSGI is running in multiple interpreter mode ***
!!!!!!!!!!!!!! WARNING !!!!!!!!!!!!!!
no request plugin is loaded, you will not be able to manage requests.
you may need to install the package for your language of choice, or simply load it with --plugin.
!!!!!!!!!!! END OF WARNING !!!!!!!!!!
spawned uWSGI master process (pid: 1)
spawned uWSGI worker 1 (pid: 7, cores: 2)
-- unavailable modifier requested: 0 --
-- unavailable modifier requested: 0 --
-- unavailable modifier requested: 0 --
